# JRE version: OpenJDK Runtime Environment GraalVM CE 21.1.0 (11.0.11+8) (build 11.0.11+8-jvmci-21.1-b05)
# Java VM: OpenJDK 64-Bit Server VM GraalVM CE 21.1.0 (11.0.11+8-jvmci-21.1-b05, mixed mode, tiered, jvmci, jvmci compiler, compressed oops, parallel gc, linux-amd64)
Heap:
 PSYoungGen      total 1859072K, used 0K [0x000000073cc00000, 0x00000007c0000000, 0x00000007c0000000)
  eden space 1567744K, 0% used [0x000000073cc00000,0x000000073cc00000,0x000000079c700000)
  from space 291328K, 0% used [0x000000079c700000,0x000000079c700000,0x00000007ae380000)
  to   space 120832K, 0% used [0x00000007b8a00000,0x00000007b8a00000,0x00000007c0000000)
 ParOldGen       total 1104384K, used 1041766K [0x0000000636400000, 0x0000000679a80000, 0x000000073cc00000)
  object space 1104384K, 94% used [0x0000000636400000,0x0000000675d59b58,0x0000000679a80000)
 Metaspace       used 178461K, capacity 180938K, committed 181068K, reserved 1200128K
  class space    used 29941K, capacity 30911K, committed 30976K, reserved 1048576K
GC Heap History (20 events):
Event: 39.146 GC heap after
{Heap after GC invocations=20 (full 5):
 PSYoungGen      total 1419264K, used 56682K [0x000000073cc00000, 0x00000007c0000000, 0x00000007c0000000)
  eden space 1344000K, 0% used [0x000000073cc00000,0x000000073cc00000,0x000000078ec80000)
  from space 75264K, 75% used [0x000000078ec80000,0x00000007923da9f0,0x0000000793600000)
  to   space 79872K, 0% used [0x00000007bb200000,0x00000007bb200000,0x00000007c0000000)
 ParOldGen       total 699392K, used 304014K [0x0000000636400000, 0x0000000660f00000, 0x000000073cc00000)
  object space 699392K, 43% used [0x0000000636400000,0x0000000648ce3970,0x0000000660f00000)
 Metaspace       used 165068K, capacity 167016K, committed 167244K, reserved 1187840K
  class space    used 28585K, capacity 29346K, committed 29440K, reserved 1048576K
}
Event: 44.842 GC heap before
{Heap before GC invocations=21 (full 5):
 PSYoungGen      total 1419264K, used 1400682K [0x000000073cc00000, 0x00000007c0000000, 0x00000007c0000000)
  eden space 1344000K, 100% used [0x000000073cc00000,0x000000078ec80000,0x000000078ec80000)
  from space 75264K, 75% used [0x000000078ec80000,0x00000007923da9f0,0x0000000793600000)
  to   space 79872K, 0% used [0x00000007bb200000,0x00000007bb200000,0x00000007c0000000)
 ParOldGen       total 699392K, used 304014K [0x0000000636400000, 0x0000000660f00000, 0x000000073cc00000)
  object space 699392K, 43% used [0x0000000636400000,0x0000000648ce3970,0x0000000660f00000)
 Metaspace       used 166472K, capacity 168561K, committed 168780K, reserved 1187840K
  class space    used 28785K, capacity 29575K, committed 29696K, reserved 1048576K
}
Event: 45.001 GC heap after
{Heap after GC invocations=21 (full 5):
 PSYoungGen      total 2065408K, used 54390K [0x000000073cc00000, 0x00000007c0000000, 0x00000007c0000000)
  eden space 1985536K, 0% used [0x000000073cc00000,0x000000073cc00000,0x00000007b5f00000)
  from space 79872K, 68% used [0x00000007bb200000,0x00000007be71d920,0x00000007c0000000)
  to   space 82432K, 0% used [0x00000007b5f00000,0x00000007b5f00000,0x00000007baf80000)
 ParOldGen       total 699392K, used 358692K [0x0000000636400000, 0x0000000660f00000, 0x000000073cc00000)
  object space 699392K, 51% used [0x0000000636400000,0x000000064c2493a0,0x0000000660f00000)
 Metaspace       used 166472K, capacity 168561K, committed 168780K, reserved 1187840K
  class space    used 28785K, capacity 29575K, committed 29696K, reserved 1048576K
}
Event: 54.481 GC heap before
{Heap before GC invocations=22 (full 5):
 PSYoungGen      total 2065408K, used 2039926K [0x000000073cc00000, 0x00000007c0000000, 0x00000007c0000000)
  eden space 1985536K, 100% used [0x000000073cc00000,0x00000007b5f00000,0x00000007b5f00000)
  from space 79872K, 68% used [0x00000007bb200000,0x00000007be71d920,0x00000007c0000000)
  to   space 82432K, 0% used [0x00000007b5f00000,0x00000007b5f00000,0x00000007baf80000)
 ParOldGen       total 699392K, used 358692K [0x0000000636400000, 0x0000000660f00000, 0x000000073cc00000)
  object space 699392K, 51% used [0x0000000636400000,0x000000064c2493a0,0x0000000660f00000)
 Metaspace       used 168295K, capacity 170486K, committed 170572K, reserved 1189888K
  class space    used 29081K, capacity 29942K, committed 29952K, reserved 1048576K
}
Event: 54.585 GC heap after
{Heap after GC invocations=22 (full 5):
 PSYoungGen      total 2067968K, used 21559K [0x000000073cc00000, 0x00000007bfe80000, 0x00000007c0000000)
  eden space 1985536K, 0% used [0x000000073cc00000,0x000000073cc00000,0x00000007b5f00000)
  from space 82432K, 26% used [0x00000007b5f00000,0x00000007b740dfc0,0x00000007baf80000)
  to   space 80384K, 0% used [0x00000007bb000000,0x00000007bb000000,0x00000007bfe80000)
 ParOldGen       total 699392K, used 411197K [0x0000000636400000, 0x0000000660f00000, 0x000000073cc00000)
  object space 699392K, 58% used [0x0000000636400000,0x000000064f58f618,0x0000000660f00000)
 Metaspace       used 168295K, capacity 170486K, committed 170572K, reserved 1189888K
  class space    used 29081K, capacity 29942K, committed 29952K, reserved 1048576K
}
Event: 61.570 GC heap before
{Heap before GC invocations=23 (full 5):
 PSYoungGen      total 2067968K, used 2007095K [0x000000073cc00000, 0x00000007bfe80000, 0x00000007c0000000)
  eden space 1985536K, 100% used [0x000000073cc00000,0x00000007b5f00000,0x00000007b5f00000)
  from space 82432K, 26% used [0x00000007b5f00000,0x00000007b740dfc0,0x00000007baf80000)
  to   space 80384K, 0% used [0x00000007bb000000,0x00000007bb000000,0x00000007bfe80000)
 ParOldGen       total 699392K, used 411197K [0x0000000636400000, 0x0000000660f00000, 0x000000073cc00000)
  object space 699392K, 58% used [0x0000000636400000,0x000000064f58f618,0x0000000660f00000)
 Metaspace       used 173533K, capacity 175793K, committed 176076K, reserved 1196032K
  class space    used 29450K, capacity 30300K, committed 30336K, reserved 1048576K
}
Event: 61.656 GC heap after
{Heap after GC invocations=23 (full 5):
 PSYoungGen      total 2067456K, used 47455K [0x000000073cc00000, 0x00000007bfe00000, 0x00000007c0000000)
  eden space 1987584K, 0% used [0x000000073cc00000,0x000000073cc00000,0x00000007b6100000)
  from space 79872K, 59% used [0x00000007bb000000,0x00000007bde57d18,0x00000007bfe00000)
  to   space 80384K, 0% used [0x00000007b6100000,0x00000007b6100000,0x00000007baf80000)
 ParOldGen       total 699392K, used 432347K [0x0000000636400000, 0x0000000660f00000, 0x000000073cc00000)
  object space 699392K, 61% used [0x0000000636400000,0x0000000650a36ce0,0x0000000660f00000)
 Metaspace       used 173533K, capacity 175793K, committed 176076K, reserved 1196032K
  class space    used 29450K, capacity 30300K, committed 30336K, reserved 1048576K
}
Event: 69.541 GC heap before
{Heap before GC invocations=24 (full 5):
 PSYoungGen      total 2067456K, used 2035039K [0x000000073cc00000, 0x00000007bfe00000, 0x00000007c0000000)
  eden space 1987584K, 100% used [0x000000073cc00000,0x00000007b6100000,0x00000007b6100000)
  from space 79872K, 59% used [0x00000007bb000000,0x00000007bde57d18,0x00000007bfe00000)
  to   space 80384K, 0% used [0x00000007b6100000,0x00000007b6100000,0x00000007baf80000)
 ParOldGen       total 699392K, used 432347K [0x0000000636400000, 0x0000000660f00000, 0x000000073cc00000)
  object space 699392K, 61% used [0x0000000636400000,0x0000000650a36ce0,0x0000000660f00000)
 Metaspace       used 175395K, capacity 177769K, committed 177996K, reserved 1196032K
  class space    used 29692K, capacity 30593K, committed 30720K, reserved 1048576K
}
Event: 69.666 GC heap after
{Heap after GC invocations=24 (full 5):
 PSYoungGen      total 2025472K, used 37426K [0x000000073cc00000, 0x00000007bf880000, 0x00000007c0000000)
  eden space 1987584K, 0% used [0x000000073cc00000,0x000000073cc00000,0x00000007b6100000)
  from space 37888K, 98% used [0x00000007b6100000,0x00000007b858ca60,0x00000007b8600000)
  to   space 76288K, 0% used [0x00000007bae00000,0x00000007bae00000,0x00000007bf880000)
 ParOldGen       total 699392K, used 476087K [0x0000000636400000, 0x0000000660f00000, 0x000000073cc00000)
  object space 699392K, 68% used [0x0000000636400000,0x00000006534ede18,0x0000000660f00000)
 Metaspace       used 175395K, capacity 177769K, committed 177996K, reserved 1196032K
  class space    used 29692K, capacity 30593K, committed 30720K, reserved 1048576K
}
Event: 76.942 GC heap before
{Heap before GC invocations=25 (full 5):
 PSYoungGen      total 2025472K, used 2025010K [0x000000073cc00000, 0x00000007bf880000, 0x00000007c0000000)
  eden space 1987584K, 100% used [0x000000073cc00000,0x00000007b6100000,0x00000007b6100000)
  from space 37888K, 98% used [0x00000007b6100000,0x00000007b858ca60,0x00000007b8600000)
  to   space 76288K, 0% used [0x00000007bae00000,0x00000007bae00000,0x00000007bf880000)
 ParOldGen       total 699392K, used 476087K [0x0000000636400000, 0x0000000660f00000, 0x000000073cc00000)
  object space 699392K, 68% used [0x0000000636400000,0x00000006534ede18,0x0000000660f00000)
 Metaspace       used 176114K, capacity 178488K, committed 178636K, reserved 1198080K
  class space    used 29789K, capacity 30723K, committed 30848K, reserved 1048576K
}
Event: 77.011 GC heap after
{Heap after GC invocations=25 (full 5):
 PSYoungGen      total 2067456K, used 19533K [0x000000073cc00000, 0x00000007c0000000, 0x00000007c0000000)
  eden space 1991168K, 0% used [0x000000073cc00000,0x000000073cc00000,0x00000007b6480000)
  from space 76288K, 25% used [0x00000007bae00000,0x00000007bc113630,0x00000007bf880000)
  to   space 75264K, 0% used [0x00000007b6480000,0x00000007b6480000,0x00000007bae00000)
 ParOldGen       total 699392K, used 509163K [0x0000000636400000, 0x0000000660f00000, 0x000000073cc00000)
  object space 699392K, 72% used [0x0000000636400000,0x000000065553add8,0x0000000660f00000)
 Metaspace       used 176114K, capacity 178488K, committed 178636K, reserved 1198080K
  class space    used 29789K, capacity 30723K, committed 30848K, reserved 1048576K
}
Event: 82.705 GC heap before
{Heap before GC invocations=26 (full 5):
 PSYoungGen      total 2067456K, used 2010701K [0x000000073cc00000, 0x00000007c0000000, 0x00000007c0000000)
  eden space 1991168K, 100% used [0x000000073cc00000,0x00000007b6480000,0x00000007b6480000)
  from space 76288K, 25% used [0x00000007bae00000,0x00000007bc113630,0x00000007bf880000)
  to   space 75264K, 0% used [0x00000007b6480000,0x00000007b6480000,0x00000007bae00000)
 ParOldGen       total 699392K, used 509163K [0x0000000636400000, 0x0000000660f00000, 0x000000073cc00000)
  object space 699392K, 72% used [0x0000000636400000,0x000000065553add8,0x0000000660f00000)
 Metaspace       used 176463K, capacity 178799K, committed 178892K, reserved 1198080K
  class space    used 29825K, capacity 30762K, committed 30848K, reserved 1048576K
}
Event: 82.773 GC heap after
{Heap after GC invocations=26 (full 5):
 PSYoungGen      total 2066432K, used 21130K [0x000000073cc00000, 0x00000007bfc00000, 0x00000007c0000000)
  eden space 1991168K, 0% used [0x000000073cc00000,0x000000073cc00000,0x00000007b6480000)
  from space 75264K, 28% used [0x00000007b6480000,0x00000007b79229c0,0x00000007bae00000)
  to   space 73728K, 0% used [0x00000007bb400000,0x00000007bb400000,0x00000007bfc00000)
 ParOldGen       total 699392K, used 513563K [0x0000000636400000, 0x0000000660f00000, 0x000000073cc00000)
  object space 699392K, 73% used [0x0000000636400000,0x0000000655986cf0,0x0000000660f00000)
 Metaspace       used 176463K, capacity 178799K, committed 178892K, reserved 1198080K
  class space    used 29825K, capacity 30762K, committed 30848K, reserved 1048576K
}
Event: 92.863 GC heap before
{Heap before GC invocations=27 (full 5):
 PSYoungGen      total 2066432K, used 2012298K [0x000000073cc00000, 0x00000007bfc00000, 0x00000007c0000000)
  eden space 1991168K, 100% used [0x000000073cc00000,0x00000007b6480000,0x00000007b6480000)
  from space 75264K, 28% used [0x00000007b6480000,0x00000007b79229c0,0x00000007bae00000)
  to   space 73728K, 0% used [0x00000007bb400000,0x00000007bb400000,0x00000007bfc00000)
 ParOldGen       total 699392K, used 513563K [0x0000000636400000, 0x0000000660f00000, 0x000000073cc00000)
  object space 699392K, 73% used [0x0000000636400000,0x0000000655986cf0,0x0000000660f00000)
 Metaspace       used 178211K, capacity 180714K, committed 180812K, reserved 1200128K
  class space    used 29938K, capacity 30905K, committed 30976K, reserved 1048576K
}
Event: 93.193 GC heap after
{Heap after GC invocations=27 (full 5):
 PSYoungGen      total 1982464K, used 73701K [0x000000073cc00000, 0x00000007c0000000, 0x00000007c0000000)
  eden space 1908736K, 0% used [0x000000073cc00000,0x000000073cc00000,0x00000007b1400000)
  from space 73728K, 99% used [0x00000007bb400000,0x00000007bfbf9430,0x00000007bfc00000)
  to   space 120832K, 0% used [0x00000007b1400000,0x00000007b1400000,0x00000007b8a00000)
 ParOldGen       total 699392K, used 612029K [0x0000000636400000, 0x0000000660f00000, 0x000000073cc00000)
  object space 699392K, 87% used [0x0000000636400000,0x000000065b9af4d8,0x0000000660f00000)
 Metaspace       used 178211K, capacity 180714K, committed 180812K, reserved 1200128K
  class space    used 29938K, capacity 30905K, committed 30976K, reserved 1048576K
}
Event: 93.193 GC heap before
{Heap before GC invocations=28 (full 6):
 PSYoungGen      total 1982464K, used 73701K [0x000000073cc00000, 0x00000007c0000000, 0x00000007c0000000)
  eden space 1908736K, 0% used [0x000000073cc00000,0x000000073cc00000,0x00000007b1400000)
  from space 73728K, 99% used [0x00000007bb400000,0x00000007bfbf9430,0x00000007bfc00000)
  to   space 120832K, 0% used [0x00000007b1400000,0x00000007b1400000,0x00000007b8a00000)
 ParOldGen       total 699392K, used 612029K [0x0000000636400000, 0x0000000660f00000, 0x000000073cc00000)
  object space 699392K, 87% used [0x0000000636400000,0x000000065b9af4d8,0x0000000660f00000)
 Metaspace       used 178211K, capacity 180714K, committed 180812K, reserved 1200128K
  class space    used 29938K, capacity 30905K, committed 30976K, reserved 1048576K
}
Event: 95.769 GC heap after
{Heap after GC invocations=28 (full 6):
 PSYoungGen      total 2029568K, used 0K [0x000000073cc00000, 0x00000007c0000000, 0x00000007c0000000)
  eden space 1908736K, 0% used [0x000000073cc00000,0x000000073cc00000,0x00000007b1400000)
  from space 120832K, 0% used [0x00000007b1400000,0x00000007b1400000,0x00000007b8a00000)
  to   space 120832K, 0% used [0x00000007b8a00000,0x00000007b8a00000,0x00000007c0000000)
 ParOldGen       total 1104384K, used 586794K [0x0000000636400000, 0x0000000679a80000, 0x000000073cc00000)
  object space 1104384K, 53% used [0x0000000636400000,0x000000065a10a990,0x0000000679a80000)
 Metaspace       used 178202K, capacity 180699K, committed 180812K, reserved 1200128K
  class space    used 29936K, capacity 30901K, committed 30976K, reserved 1048576K
}
Event: 104.367 GC heap before
{Heap before GC invocations=29 (full 6):
 PSYoungGen      total 2029568K, used 1908736K [0x000000073cc00000, 0x00000007c0000000, 0x00000007c0000000)
  eden space 1908736K, 100% used [0x000000073cc00000,0x00000007b1400000,0x00000007b1400000)
  from space 120832K, 0% used [0x00000007b1400000,0x00000007b1400000,0x00000007b8a00000)
  to   space 120832K, 0% used [0x00000007b8a00000,0x00000007b8a00000,0x00000007c0000000)
 ParOldGen       total 1104384K, used 586794K [0x0000000636400000, 0x0000000679a80000, 0x000000073cc00000)
  object space 1104384K, 53% used [0x0000000636400000,0x000000065a10a990,0x0000000679a80000)
 Metaspace       used 178461K, capacity 180938K, committed 181068K, reserved 1200128K
  class space    used 29941K, capacity 30911K, committed 30976K, reserved 1048576K
}
Event: 105.137 GC heap after
{Heap after GC invocations=29 (full 6):
 PSYoungGen      total 1688576K, used 120816K [0x000000073cc00000, 0x00000007c0000000, 0x00000007c0000000)
  eden space 1567744K, 0% used [0x000000073cc00000,0x000000073cc00000,0x000000079c700000)
  from space 120832K, 99% used [0x00000007b8a00000,0x00000007bfffc160,0x00000007c0000000)
  to   space 291328K, 0% used [0x000000079c700000,0x000000079c700000,0x00000007ae380000)
 ParOldGen       total 1104384K, used 994127K [0x0000000636400000, 0x0000000679a80000, 0x000000073cc00000)
  object space 1104384K, 90% used [0x0000000636400000,0x0000000672ed3c78,0x0000000679a80000)
 Metaspace       used 178461K, capacity 180938K, committed 181068K, reserved 1200128K
  class space    used 29941K, capacity 30911K, committed 30976K, reserved 1048576K
}
Event: 105.137 GC heap before
{Heap before GC invocations=30 (full 7):
 PSYoungGen      total 1688576K, used 120816K [0x000000073cc00000, 0x00000007c0000000, 0x00000007c0000000)
  eden space 1567744K, 0% used [0x000000073cc00000,0x000000073cc00000,0x000000079c700000)
  from space 120832K, 99% used [0x00000007b8a00000,0x00000007bfffc160,0x00000007c0000000)
  to   space 291328K, 0% used [0x000000079c700000,0x000000079c700000,0x00000007ae380000)
 ParOldGen       total 1104384K, used 994127K [0x0000000636400000, 0x0000000679a80000, 0x000000073cc00000)
  object space 1104384K, 90% used [0x0000000636400000,0x0000000672ed3c78,0x0000000679a80000)
 Metaspace       used 178461K, capacity 180938K, committed 181068K, reserved 1200128K
  class space    used 29941K, capacity 30911K, committed 30976K, reserved 1048576K
}

